{"total": {"lines":{"total":986,"covered":809,"skipped":0,"pct":82.04},"statements":{"total":1045,"covered":847,"skipped":0,"pct":81.05},"functions":{"total":112,"covered":104,"skipped":0,"pct":92.85},"branches":{"total":463,"covered":251,"skipped":0,"pct":54.21},"branchesTrue":{"total":0,"covered":0,"skipped":0,"pct":100}}
,"C:\\steven\\Semester6\\RPLL\\TUBES_RPLL\\apps\\backend\\src\\controllers\\attendance.controller.ts": {"lines":{"total":34,"covered":34,"skipped":0,"pct":100},"functions":{"total":3,"covered":3,"skipped":0,"pct":100},"statements":{"total":34,"covered":34,"skipped":0,"pct":100},"branches":{"total":9,"covered":9,"skipped":0,"pct":100}}
,"C:\\steven\\Semester6\\RPLL\\TUBES_RPLL\\apps\\backend\\src\\controllers\\leave.controller.ts": {"lines":{"total":47,"covered":47,"skipped":0,"pct":100},"functions":{"total":6,"covered":6,"skipped":0,"pct":100},"statements":{"total":47,"covered":47,"skipped":0,"pct":100},"branches":{"total":13,"covered":10,"skipped":0,"pct":76.92}}
,"C:\\steven\\Semester6\\RPLL\\TUBES_RPLL\\apps\\backend\\src\\controllers\\payroll.controller.ts": {"lines":{"total":83,"covered":83,"skipped":0,"pct":100},"functions":{"total":11,"covered":11,"skipped":0,"pct":100},"statements":{"total":90,"covered":90,"skipped":0,"pct":100},"branches":{"total":17,"covered":12,"skipped":0,"pct":70.58}}
,"C:\\steven\\Semester6\\RPLL\\TUBES_RPLL\\apps\\backend\\src\\controllers\\profile.controller.ts": {"lines":{"total":24,"covered":24,"skipped":0,"pct":100},"functions":{"total":2,"covered":2,"skipped":0,"pct":100},"statements":{"total":24,"covered":24,"skipped":0,"pct":100},"branches":{"total":8,"covered":6,"skipped":0,"pct":75}}
,"C:\\steven\\Semester6\\RPLL\\TUBES_RPLL\\apps\\backend\\src\\controllers\\reimbursement.controller.ts": {"lines":{"total":46,"covered":30,"skipped":0,"pct":65.21},"functions":{"total":5,"covered":3,"skipped":0,"pct":60},"statements":{"total":48,"covered":32,"skipped":0,"pct":66.66},"branches":{"total":15,"covered":8,"skipped":0,"pct":53.33}}
,"C:\\steven\\Semester6\\RPLL\\TUBES_RPLL\\apps\\backend\\src\\controllers\\userManagement.controller.ts": {"lines":{"total":46,"covered":46,"skipped":0,"pct":100},"functions":{"total":6,"covered":6,"skipped":0,"pct":100},"statements":{"total":46,"covered":46,"skipped":0,"pct":100},"branches":{"total":4,"covered":4,"skipped":0,"pct":100}}
,"C:\\steven\\Semester6\\RPLL\\TUBES_RPLL\\apps\\backend\\src\\services\\attendance.service.ts": {"lines":{"total":63,"covered":55,"skipped":0,"pct":87.3},"functions":{"total":4,"covered":4,"skipped":0,"pct":100},"statements":{"total":64,"covered":56,"skipped":0,"pct":87.5},"branches":{"total":25,"covered":14,"skipped":0,"pct":56}}
,"C:\\steven\\Semester6\\RPLL\\TUBES_RPLL\\apps\\backend\\src\\services\\leave.service.ts": {"lines":{"total":95,"covered":80,"skipped":0,"pct":84.21},"functions":{"total":9,"covered":9,"skipped":0,"pct":100},"statements":{"total":96,"covered":81,"skipped":0,"pct":84.37},"branches":{"total":53,"covered":29,"skipped":0,"pct":54.71}}
,"C:\\steven\\Semester6\\RPLL\\TUBES_RPLL\\apps\\backend\\src\\services\\payroll.service.ts": {"lines":{"total":302,"covered":204,"skipped":0,"pct":67.54},"functions":{"total":30,"covered":24,"skipped":0,"pct":80},"statements":{"total":329,"covered":218,"skipped":0,"pct":66.26},"branches":{"total":181,"covered":78,"skipped":0,"pct":43.09}}
,"C:\\steven\\Semester6\\RPLL\\TUBES_RPLL\\apps\\backend\\src\\services\\profile.service.ts": {"lines":{"total":29,"covered":26,"skipped":0,"pct":89.65},"functions":{"total":7,"covered":7,"skipped":0,"pct":100},"statements":{"total":29,"covered":26,"skipped":0,"pct":89.65},"branches":{"total":4,"covered":1,"skipped":0,"pct":25}}
,"C:\\steven\\Semester6\\RPLL\\TUBES_RPLL\\apps\\backend\\src\\services\\reimbursement.service.ts": {"lines":{"total":87,"covered":73,"skipped":0,"pct":83.9},"functions":{"total":8,"covered":8,"skipped":0,"pct":100},"statements":{"total":91,"covered":75,"skipped":0,"pct":82.41},"branches":{"total":52,"covered":33,"skipped":0,"pct":63.46}}
,"C:\\steven\\Semester6\\RPLL\\TUBES_RPLL\\apps\\backend\\src\\services\\userManagement.service.ts": {"lines":{"total":130,"covered":107,"skipped":0,"pct":82.3},"functions":{"total":21,"covered":21,"skipped":0,"pct":100},"statements":{"total":147,"covered":118,"skipped":0,"pct":80.27},"branches":{"total":82,"covered":47,"skipped":0,"pct":57.31}}
}
